<?xml version="1.0" encoding="UTF-8"?>
<testng-results skipped="0" failed="0" ignored="0" total="2" passed="2">
  <reporter-output>
  </reporter-output>
  <suite name="Default suite" duration-ms="22468" started-at="2017-08-23T20:38:17Z" finished-at="2017-08-23T20:38:39Z">
    <groups>
    </groups>
    <test name="Default test" duration-ms="22468" started-at="2017-08-23T20:38:17Z" finished-at="2017-08-23T20:38:39Z">
      <class name="com.backroads.softrip.testcases.ui.test">
        <test-method status="PASS" signature="SetUp()[pri:0, instance:com.backroads.softrip.testcases.ui.test@1ce92674]" name="SetUp" is-config="true" duration-ms="6019" started-at="2017-08-23T13:38:17Z" finished-at="2017-08-23T13:38:23Z">
          <reporter-output>
          </reporter-output>
        </test-method> <!-- SetUp -->
        <test-method status="PASS" signature="loginTest()[pri:1, instance:com.backroads.softrip.testcases.ui.test@1ce92674]" name="loginTest" duration-ms="1442" started-at="2017-08-23T13:38:23Z" finished-at="2017-08-23T13:38:24Z">
          <reporter-output>
          </reporter-output>
        </test-method> <!-- loginTest -->
        <test-method status="PASS" signature="suppliersContactWorkflow_56630([Ljava.lang.String;)[pri:2, instance:com.backroads.softrip.testcases.ui.test@1ce92674]" name="suppliersContactWorkflow_56630" duration-ms="14984" started-at="2017-08-23T13:38:24Z" data-provider="SupplierInfo_TorreDelRemei" finished-at="2017-08-23T13:38:39Z">
          <params>
            <param index="0">
              <value>
                <![CDATA[[Ljava.lang.String;@a37aefe]]>
              </value>
            </param>
          </params>
          <reporter-output>
          </reporter-output>
        </test-method> <!-- suppliersContactWorkflow_56630 -->
        <test-method status="PASS" signature="TearDown()[pri:0, instance:com.backroads.softrip.testcases.ui.test@1ce92674]" name="TearDown" is-config="true" duration-ms="0" started-at="2017-08-23T13:38:39Z" finished-at="2017-08-23T13:38:39Z">
          <reporter-output>
          </reporter-output>
        </test-method> <!-- TearDown -->
      </class> <!-- com.backroads.softrip.testcases.ui.test -->
    </test> <!-- Default test -->
  </suite> <!-- Default suite -->
</testng-results>
